2014-02-11 10:15:22,203 - Fuzzer_Lib_Logger - INFO - Loading path: PD_Creator/protocol.py, module: PD_Creator.protocol
2014-02-11 10:15:22,206 - Fuzzer_Lib_Logger - INFO - Sulley request loaded. Number of mutations: 67788
2014-02-11 10:15:22,217 - Fuzzer_Lib_Logger - INFO - Loading path: PD_Creator/protocol.py, module: PD_Creator.protocol
2014-02-11 10:15:22,221 - Fuzzer_Lib_Logger - INFO - Sulley request loaded. Number of mutations: 16140
2014-02-11 10:15:22,221 - Fuzzer_Lib_Logger - INFO - HTTP server is starting.
2014-02-11 10:15:22,278 - Fuzzer_Lib_Logger - INFO - HTTP server is running on 127.0.0.1:80
2014-02-11 10:15:22,278 - Fuzzer_Lib_Logger - INFO - Waiting To Handle Request...
2014-02-11 10:15:30,441 - Fuzzer_Lib_Logger - INFO - Sending mutation #1
2014-02-11 10:15:30,443 - Fuzzer_Lib_Logger - INFO - Waiting To Handle Request...
2014-02-11 10:15:31,154 - Fuzzer_Lib_Logger - INFO - Sending mutation #2
2014-02-11 10:15:31,155 - Fuzzer_Lib_Logger - INFO - Waiting To Handle Request...
2014-02-11 10:15:32,154 - Fuzzer_Lib_Logger - INFO - Sending mutation #3
2014-02-11 10:15:32,154 - Fuzzer_Lib_Logger - INFO - Waiting To Handle Request...
2014-02-11 10:15:33,155 - Fuzzer_Lib_Logger - INFO - Sending mutation #4
2014-02-11 10:15:33,157 - Fuzzer_Lib_Logger - INFO - Waiting To Handle Request...
2014-02-11 10:15:34,154 - Fuzzer_Lib_Logger - INFO - Sending mutation #5
2014-02-11 10:15:34,155 - Fuzzer_Lib_Logger - INFO - Waiting To Handle Request...
2014-02-11 10:15:35,155 - Fuzzer_Lib_Logger - INFO - Sending mutation #6
2014-02-11 10:15:35,157 - Fuzzer_Lib_Logger - INFO - Waiting To Handle Request...
2014-02-11 10:15:36,154 - Fuzzer_Lib_Logger - INFO - Sending mutation #7
2014-02-11 10:15:36,155 - Fuzzer_Lib_Logger - INFO - Waiting To Handle Request...
2014-02-11 10:15:37,155 - Fuzzer_Lib_Logger - INFO - Sending mutation #8
2014-02-11 10:15:37,155 - Fuzzer_Lib_Logger - INFO - Waiting To Handle Request...
2014-02-11 10:15:38,157 - Fuzzer_Lib_Logger - INFO - Sending mutation #9
2014-02-11 10:15:38,157 - Fuzzer_Lib_Logger - INFO - Waiting To Handle Request...
2014-02-11 10:15:39,157 - Fuzzer_Lib_Logger - INFO - Sending mutation #10
2014-02-11 10:15:39,157 - Fuzzer_Lib_Logger - INFO - Waiting To Handle Request...
2014-02-11 10:15:40,157 - Fuzzer_Lib_Logger - INFO - Sending mutation #11
2014-02-11 10:15:40,158 - Fuzzer_Lib_Logger - INFO - Waiting To Handle Request...
2014-02-11 10:15:41,157 - Fuzzer_Lib_Logger - INFO - Sending mutation #12
2014-02-11 10:15:41,158 - Fuzzer_Lib_Logger - INFO - Waiting To Handle Request...
2014-02-11 10:15:42,157 - Fuzzer_Lib_Logger - INFO - Sending mutation #13
2014-02-11 10:15:42,158 - Fuzzer_Lib_Logger - INFO - Waiting To Handle Request...
2014-02-11 10:15:43,158 - Fuzzer_Lib_Logger - INFO - Sending mutation #14
2014-02-11 10:15:43,158 - Fuzzer_Lib_Logger - INFO - Waiting To Handle Request...
2014-02-11 10:15:44,158 - Fuzzer_Lib_Logger - INFO - Sending mutation #15
2014-02-11 10:15:44,160 - Fuzzer_Lib_Logger - INFO - Waiting To Handle Request...
2014-02-11 10:15:45,161 - Fuzzer_Lib_Logger - INFO - Sending mutation #16
2014-02-11 10:15:45,161 - Fuzzer_Lib_Logger - INFO - Waiting To Handle Request...
2014-02-11 10:15:46,160 - Fuzzer_Lib_Logger - INFO - Sending mutation #17
2014-02-11 10:15:46,161 - Fuzzer_Lib_Logger - INFO - Waiting To Handle Request...
2014-02-11 10:15:47,160 - Fuzzer_Lib_Logger - INFO - Sending mutation #18
2014-02-11 10:15:47,161 - Fuzzer_Lib_Logger - INFO - Waiting To Handle Request...
2014-02-11 10:15:48,160 - Fuzzer_Lib_Logger - INFO - Sending mutation #19
2014-02-11 10:15:48,161 - Fuzzer_Lib_Logger - INFO - Waiting To Handle Request...
2014-02-11 10:15:49,161 - Fuzzer_Lib_Logger - INFO - Sending mutation #20
2014-02-11 10:15:49,161 - Fuzzer_Lib_Logger - INFO - Waiting To Handle Request...
2014-02-11 10:15:50,161 - Fuzzer_Lib_Logger - INFO - Sending mutation #21
2014-02-11 10:15:50,161 - Fuzzer_Lib_Logger - INFO - Waiting To Handle Request...
2014-02-11 10:15:51,161 - Fuzzer_Lib_Logger - INFO - Sending mutation #22
2014-02-11 10:15:51,161 - Fuzzer_Lib_Logger - INFO - Waiting To Handle Request...
2014-02-11 10:15:52,161 - Fuzzer_Lib_Logger - INFO - Sending mutation #23
2014-02-11 10:15:52,161 - Fuzzer_Lib_Logger - INFO - Waiting To Handle Request...
2014-02-11 10:15:53,164 - Fuzzer_Lib_Logger - INFO - Sending mutation #24
2014-02-11 10:15:53,164 - Fuzzer_Lib_Logger - INFO - Waiting To Handle Request...
2014-02-11 10:15:54,163 - Fuzzer_Lib_Logger - INFO - Sending mutation #25
2014-02-11 10:15:54,163 - Fuzzer_Lib_Logger - INFO - Waiting To Handle Request...
2014-02-11 10:15:55,163 - Fuzzer_Lib_Logger - INFO - Sending mutation #26
2014-02-11 10:15:55,164 - Fuzzer_Lib_Logger - INFO - Waiting To Handle Request...
2014-02-11 10:15:56,164 - Fuzzer_Lib_Logger - INFO - Sending mutation #27
2014-02-11 10:15:56,164 - Fuzzer_Lib_Logger - INFO - Waiting To Handle Request...
2014-02-11 10:15:57,161 - Fuzzer_Lib_Logger - INFO - Sending mutation #28
2014-02-11 10:15:57,163 - Fuzzer_Lib_Logger - INFO - Waiting To Handle Request...
2014-02-11 10:15:58,163 - Fuzzer_Lib_Logger - INFO - Sending mutation #29
2014-02-11 10:15:58,164 - Fuzzer_Lib_Logger - INFO - Waiting To Handle Request...
2014-02-11 10:15:59,164 - Fuzzer_Lib_Logger - INFO - Sending mutation #30
2014-02-11 10:15:59,164 - Fuzzer_Lib_Logger - INFO - Waiting To Handle Request...
2014-02-11 10:16:00,163 - Fuzzer_Lib_Logger - INFO - Sending mutation #31
2014-02-11 10:16:00,164 - Fuzzer_Lib_Logger - INFO - Waiting To Handle Request...
2014-02-11 10:16:01,164 - Fuzzer_Lib_Logger - INFO - Sending mutation #32
2014-02-11 10:16:01,165 - Fuzzer_Lib_Logger - INFO - Waiting To Handle Request...
2014-02-11 10:16:02,165 - Fuzzer_Lib_Logger - INFO - Sending mutation #33
2014-02-11 10:16:02,167 - Fuzzer_Lib_Logger - INFO - Waiting To Handle Request...
2014-02-11 10:16:03,165 - Fuzzer_Lib_Logger - INFO - Sending mutation #34
2014-02-11 10:16:03,167 - Fuzzer_Lib_Logger - INFO - Waiting To Handle Request...
2014-02-11 10:16:04,167 - Fuzzer_Lib_Logger - INFO - Sending mutation #35
2014-02-11 10:16:04,167 - Fuzzer_Lib_Logger - INFO - Waiting To Handle Request...
2014-02-11 10:16:05,184 - Fuzzer_Lib_Logger - INFO - Server shutdown triggered by run
2014-02-11 10:16:05,186 - Fuzzer_Lib_Logger - INFO - Server stopped.
