INFO:root:Fuzz Server Reset.
INFO:root:Fuzz Server Reset.
INFO:root:Loading path: PD_Creator/protocol.py, module: PD_Creator.protocol
INFO:root:Sulley request loaded. Number of mutations: 67788
INFO:root:Starting Evolution Algorithm...
INFO:root:Individual: [1, 0, 0, 0, 0, 1, 0]
INFO:root:Loading path: PD_Creator/protocol.py, module: PD_Creator.protocol
INFO:root:Sulley request loaded. Number of mutations: 10760
INFO:root:HTTP server is starting.
CRITICAL:root:An unexpected error has occurred while evaluating the fuzz server.
cannot concatenate 'str' and 'int' objects
INFO:root:Waiting for coverage report to finish writing
INFO:root:... 0
INFO:root:... 10
INFO:root:... 20
INFO:root:... 30
INFO:root:... 40
INFO:root:Analyzing Coverage XML Report.
INFO:root:Coverage Value (line coverage, method granularity): 0.32
INFO:root:Coverage log saved to ServerLogs\cvg_log1392141195.06.txt
INFO:root:Individual: [1, 0, 1, 1, 0, 1, 1]
INFO:root:Loading path: PD_Creator/protocol.py, module: PD_Creator.protocol
INFO:root:Sulley request loaded. Number of mutations: 48420
INFO:root:HTTP server is starting.
CRITICAL:root:An unexpected error has occurred while evaluating the fuzz server.
cannot concatenate 'str' and 'int' objects
INFO:root:Waiting for coverage report to finish writing
INFO:root:... 0
INFO:root:... 10
INFO:root:... 20
INFO:root:Analyzing Coverage XML Report.
INFO:root:Coverage Value (line coverage, method granularity): 0.29
INFO:root:Coverage log saved to ServerLogs\cvg_log1392141219.84.txt
INFO:root:Individual: [0, 0, 0, 0, 0, 0, 1]
INFO:root:Loading path: PD_Creator/protocol.py, module: PD_Creator.protocol
INFO:root:Sulley request loaded. Number of mutations: 4304
INFO:root:HTTP server is starting.
CRITICAL:root:An unexpected error has occurred while evaluating the fuzz server.
cannot concatenate 'str' and 'int' objects
INFO:root:Waiting for coverage report to finish writing
INFO:root:... 0
INFO:root:Analyzing Coverage XML Report.
INFO:root:Coverage Value (line coverage, method granularity): 0.29
INFO:root:Coverage log saved to ServerLogs\cvg_log1392141229.35.txt
INFO:root:Individual: [1, 0, 1, 0, 0, 0, 1]
INFO:root:Loading path: PD_Creator/protocol.py, module: PD_Creator.protocol
INFO:root:Sulley request loaded. Number of mutations: 35508
INFO:root:HTTP server is starting.
CRITICAL:root:An unexpected error has occurred while evaluating the fuzz server.
cannot concatenate 'str' and 'int' objects
INFO:root:Waiting for coverage report to finish writing
INFO:root:... 0
INFO:root:... 10
INFO:root:... 20
INFO:root:... 30
INFO:root:... 40
INFO:root:... 50
INFO:root:Fuzz Server Reset.
INFO:root:Loading path: PD_Creator/protocol.py, module: PD_Creator.protocol
INFO:root:Sulley request loaded. Number of mutations: 67788
INFO:root:Starting Evolution Algorithm...
INFO:root:Individual: [0, 1, 1, 1, 1, 1, 0]
INFO:root:Loading path: PD_Creator/protocol.py, module: PD_Creator.protocol
INFO:root:Sulley request loaded. Number of mutations: 21520
INFO:root:HTTP server is starting.
INFO:root:HTTP server is running on 127.0.0.1:80
INFO:root:Waiting To Handle Request...
INFO:root:Sending mutation #1
INFO:root:Waiting To Handle Request...
INFO:root:Sending mutation #2
INFO:root:Waiting To Handle Request...
INFO:root:Sending mutation #3
INFO:root:Waiting To Handle Request...
INFO:root:Sending mutation #4
INFO:root:Waiting To Handle Request...
INFO:root:Sending mutation #5
INFO:root:Waiting To Handle Request...
INFO:root:Sending mutation #6
INFO:root:Waiting To Handle Request...
INFO:root:Sending mutation #7
INFO:root:Waiting To Handle Request...
INFO:root:Sending mutation #8
INFO:root:Waiting To Handle Request...
INFO:root:Sending mutation #9
INFO:root:Waiting To Handle Request...
INFO:root:Sending mutation #10
INFO:root:Waiting To Handle Request...
INFO:root:Sending mutation #11
INFO:root:Waiting To Handle Request...
INFO:root:Sending mutation #12
INFO:root:Waiting To Handle Request...
INFO:root:Sending mutation #13
INFO:root:Waiting To Handle Request...
INFO:root:Sending mutation #14
INFO:root:Waiting To Handle Request...
INFO:root:Sending mutation #15
INFO:root:Waiting To Handle Request...
INFO:root:Sending mutation #16
INFO:root:Waiting To Handle Request...
INFO:root:Sending mutation #17
INFO:root:Waiting To Handle Request...
INFO:root:Sending mutation #18
INFO:root:Waiting To Handle Request...
INFO:root:Sending mutation #19
INFO:root:Waiting To Handle Request...
INFO:root:Sending mutation #20
INFO:root:Waiting To Handle Request...
INFO:root:Sending mutation #21
INFO:root:Waiting To Handle Request...
INFO:root:Sending mutation #22
INFO:root:Waiting To Handle Request...
INFO:root:Sending mutation #23
INFO:root:Waiting To Handle Request...
INFO:root:Sending mutation #24
INFO:root:Waiting To Handle Request...
INFO:root:Sending mutation #25
INFO:root:Waiting To Handle Request...
INFO:root:Sending mutation #26
INFO:root:Waiting To Handle Request...
INFO:root:Sending mutation #27
INFO:root:Waiting To Handle Request...
INFO:root:Sending mutation #28
INFO:root:Waiting To Handle Request...
INFO:root:Sending mutation #29
INFO:root:Waiting To Handle Request...
INFO:root:Sending mutation #30
INFO:root:Waiting To Handle Request...
INFO:root:Sending mutation #31
INFO:root:Waiting To Handle Request...
INFO:root:Sending mutation #32
INFO:root:Waiting To Handle Request...
INFO:root:Sending mutation #33
INFO:root:Waiting To Handle Request...
INFO:root:Sending mutation #34
INFO:root:Waiting To Handle Request...
INFO:root:Sending mutation #35
INFO:root:Waiting To Handle Request...
INFO:root:Sending mutation #36
INFO:root:Waiting To Handle Request...
INFO:root:Sending mutation #37
INFO:root:Waiting To Handle Request...
INFO:root:Sending mutation #38
INFO:root:Waiting To Handle Request...
INFO:root:Sending mutation #39
INFO:root:Waiting To Handle Request...
INFO:root:Sending mutation #40
INFO:root:Waiting To Handle Request...
INFO:root:Sending mutation #41
INFO:root:Waiting To Handle Request...
INFO:root:Sending mutation #42
INFO:root:Waiting To Handle Request...
INFO:root:Sending mutation #43
INFO:root:Waiting To Handle Request...
INFO:root:Sending mutation #44
INFO:root:Waiting To Handle Request...
INFO:root:Sending mutation #45
INFO:root:Waiting To Handle Request...
INFO:root:Sending mutation #46
INFO:root:Waiting To Handle Request...
INFO:root:Sending mutation #47
INFO:root:Waiting To Handle Request...
INFO:root:Sending mutation #48
INFO:root:Waiting To Handle Request...
INFO:root:Sending mutation #49
INFO:root:Waiting To Handle Request...
INFO:root:Sending mutation #50
INFO:root:Waiting To Handle Request...
INFO:root:Sending mutation #51
INFO:root:Waiting To Handle Request...
INFO:root:Sending mutation #52
INFO:root:Waiting To Handle Request...
INFO:root:Sending mutation #53
INFO:root:Waiting To Handle Request...
INFO:root:Sending mutation #54
INFO:root:Waiting To Handle Request...
INFO:root:Sending mutation #55
INFO:root:Waiting To Handle Request...
INFO:root:Sending mutation #56
INFO:root:Waiting To Handle Request...
INFO:root:Sending mutation #57
INFO:root:Waiting To Handle Request...
INFO:root:Sending mutation #58
INFO:root:Waiting To Handle Request...
INFO:root:Sending mutation #59
INFO:root:Waiting To Handle Request...
INFO:root:Sending mutation #60
INFO:root:Waiting To Handle Request...
INFO:root:Sending mutation #61
INFO:root:Waiting To Handle Request...
INFO:root:Sending mutation #62
INFO:root:Waiting To Handle Request...
INFO:root:Sending mutation #63
INFO:root:Waiting To Handle Request...
INFO:root:Sending mutation #64
INFO:root:Waiting To Handle Request...
INFO:root:Sending mutation #65
INFO:root:Waiting To Handle Request...
INFO:root:Sending mutation #66
INFO:root:Waiting To Handle Request...
INFO:root:Sending mutation #67
INFO:root:Waiting To Handle Request...
INFO:root:Sending mutation #68
INFO:root:Waiting To Handle Request...
INFO:root:Sending mutation #69
INFO:root:Waiting To Handle Request...
INFO:root:Sending mutation #70
INFO:root:Waiting To Handle Request...
INFO:root:Sending mutation #71
INFO:root:Waiting To Handle Request...
INFO:root:Sending mutation #72
INFO:root:Waiting To Handle Request...
INFO:root:Sending mutation #73
INFO:root:Waiting To Handle Request...
INFO:root:Sending mutation #74
INFO:root:Waiting To Handle Request...
INFO:root:Sending mutation #75
INFO:root:Waiting To Handle Request...
INFO:root:Sending mutation #76
INFO:root:Waiting To Handle Request...
INFO:root:Sending mutation #77
INFO:root:Waiting To Handle Request...
INFO:root:Sending mutation #78
INFO:root:Waiting To Handle Request...
INFO:root:Sending mutation #79
INFO:root:Waiting To Handle Request...
INFO:root:Sending mutation #80
INFO:root:Waiting To Handle Request...
INFO:root:Sending mutation #81
INFO:root:Waiting To Handle Request...
INFO:root:Sending mutation #82
INFO:root:Waiting To Handle Request...
INFO:root:Sending mutation #83
INFO:root:Waiting To Handle Request...
INFO:root:Sending mutation #84
INFO:root:Waiting To Handle Request...
INFO:root:Sending mutation #85
INFO:root:Waiting To Handle Request...
INFO:root:Sending mutation #86
INFO:root:Waiting To Handle Request...
INFO:root:Sending mutation #87
INFO:root:Waiting To Handle Request...
INFO:root:Sending mutation #88
INFO:root:Waiting To Handle Request...
INFO:root:Sending mutation #89
INFO:root:Waiting To Handle Request...
INFO:root:Sending mutation #90
INFO:root:Waiting To Handle Request...
INFO:root:Sending mutation #91
INFO:root:Waiting To Handle Request...
INFO:root:Sending mutation #92
INFO:root:Waiting To Handle Request...
INFO:root:Sending mutation #93
INFO:root:Waiting To Handle Request...
INFO:root:Sending mutation #94
INFO:root:Waiting To Handle Request...
INFO:root:Sending mutation #95
INFO:root:Waiting To Handle Request...
INFO:root:Sending mutation #96
INFO:root:Waiting To Handle Request...
INFO:root:Sending mutation #97
INFO:root:Waiting To Handle Request...
INFO:root:Sending mutation #98
INFO:root:Waiting To Handle Request...
INFO:root:Sending mutation #99
INFO:root:Waiting To Handle Request...
INFO:root:Sending mutation #100
INFO:root:Waiting To Handle Request...
INFO:root:Sending mutation #101
INFO:root:Waiting To Handle Request...
INFO:root:Sending mutation #102
INFO:root:Waiting To Handle Request...
INFO:root:Sending mutation #103
INFO:root:Waiting To Handle Request...
INFO:root:Sending mutation #104
INFO:root:Waiting To Handle Request...
INFO:root:Sending mutation #105
INFO:root:Waiting To Handle Request...
INFO:root:Sending mutation #106
INFO:root:Waiting To Handle Request...
INFO:root:Sending mutation #107
INFO:root:Waiting To Handle Request...
INFO:root:Sending mutation #108
INFO:root:Waiting To Handle Request...
INFO:root:Sending mutation #109
INFO:root:Waiting To Handle Request...
INFO:root:Sending mutation #110
INFO:root:Waiting To Handle Request...
INFO:root:Sending mutation #111
INFO:root:Waiting To Handle Request...
INFO:root:Sending mutation #112
INFO:root:Waiting To Handle Request...
INFO:root:Sending mutation #113
INFO:root:Waiting To Handle Request...
INFO:root:Sending mutation #114
INFO:root:Waiting To Handle Request...
INFO:root:Sending mutation #115
INFO:root:Waiting To Handle Request...
INFO:root:Sending mutation #116
INFO:root:Waiting To Handle Request...
INFO:root:Sending mutation #117
INFO:root:Waiting To Handle Request...
INFO:root:Sending mutation #118
INFO:root:Waiting To Handle Request...
INFO:root:Sending mutation #119
INFO:root:Waiting To Handle Request...
INFO:root:Sending mutation #120
INFO:root:Waiting To Handle Request...
INFO:root:Sending mutation #121
INFO:root:Waiting To Handle Request...
INFO:root:Sending mutation #122
INFO:root:Waiting To Handle Request...
INFO:root:Sending mutation #123
INFO:root:Waiting To Handle Request...
INFO:root:Sending mutation #124
INFO:root:Waiting To Handle Request...
INFO:root:Sending mutation #125
INFO:root:Waiting To Handle Request...
INFO:root:Sending mutation #126
INFO:root:Waiting To Handle Request...
INFO:root:Sending mutation #127
INFO:root:Waiting To Handle Request...
INFO:root:Sending mutation #128
INFO:root:Waiting To Handle Request...
INFO:root:Sending mutation #129
INFO:root:Waiting To Handle Request...
INFO:root:Sending mutation #130
INFO:root:Waiting To Handle Request...
INFO:root:Sending mutation #131
INFO:root:Waiting To Handle Request...
INFO:root:Sending mutation #132
INFO:root:Waiting To Handle Request...
INFO:root:Sending mutation #133
INFO:root:Waiting To Handle Request...
INFO:root:Sending mutation #134
INFO:root:Waiting To Handle Request...
INFO:root:Sending mutation #135
INFO:root:Waiting To Handle Request...
INFO:root:Sending mutation #136
INFO:root:Waiting To Handle Request...
INFO:root:Sending mutation #137
INFO:root:Waiting To Handle Request...
INFO:root:Sending mutation #138
INFO:root:Waiting To Handle Request...
INFO:root:Sending mutation #139
INFO:root:Waiting To Handle Request...
INFO:root:Sending mutation #140
INFO:root:Waiting To Handle Request...
INFO:root:Sending mutation #141
INFO:root:Waiting To Handle Request...
INFO:root:Sending mutation #142
INFO:root:Waiting To Handle Request...
INFO:root:Sending mutation #143
INFO:root:Waiting To Handle Request...
INFO:root:Sending mutation #144
INFO:root:Waiting To Handle Request...
INFO:root:Sending mutation #145
INFO:root:Waiting To Handle Request...
INFO:root:Sending mutation #146
INFO:root:Waiting To Handle Request...
INFO:root:Sending mutation #147
INFO:root:Waiting To Handle Request...
INFO:root:Sending mutation #148
INFO:root:Waiting To Handle Request...
INFO:root:Sending mutation #149
INFO:root:Waiting To Handle Request...
INFO:root:Sending mutation #150
INFO:root:Waiting To Handle Request...
INFO:root:Sending mutation #151
INFO:root:Waiting To Handle Request...
INFO:root:Sending mutation #152
INFO:root:Waiting To Handle Request...
INFO:root:Sending mutation #153
INFO:root:Waiting To Handle Request...
INFO:root:Sending mutation #154
INFO:root:Waiting To Handle Request...
INFO:root:Sending mutation #155
INFO:root:Waiting To Handle Request...
INFO:root:Sending mutation #156
INFO:root:Waiting To Handle Request...
INFO:root:Sending mutation #157
INFO:root:Waiting To Handle Request...
INFO:root:Sending mutation #158
INFO:root:Waiting To Handle Request...
INFO:root:Sending mutation #159
INFO:root:Waiting To Handle Request...
INFO:root:Sending mutation #160
INFO:root:Waiting To Handle Request...
INFO:root:Sending mutation #161
INFO:root:Waiting To Handle Request...
INFO:root:Sending mutation #162
INFO:root:Waiting To Handle Request...
INFO:root:Sending mutation #163
INFO:root:Waiting To Handle Request...
INFO:root:Sending mutation #164
INFO:root:Waiting To Handle Request...
INFO:root:Sending mutation #165
INFO:root:Waiting To Handle Request...
INFO:root:Sending mutation #166
INFO:root:Waiting To Handle Request...
INFO:root:Sending mutation #167
INFO:root:Waiting To Handle Request...
INFO:root:Sending mutation #168
INFO:root:Waiting To Handle Request...
INFO:root:Sending mutation #169
INFO:root:Waiting To Handle Request...
INFO:root:Sending mutation #170
INFO:root:Waiting To Handle Request...
INFO:root:Sending mutation #171
INFO:root:Waiting To Handle Request...
INFO:root:Sending mutation #172
INFO:root:Waiting To Handle Request...
INFO:root:Sending mutation #173
INFO:root:Waiting To Handle Request...
INFO:root:Sending mutation #174
INFO:root:Waiting To Handle Request...
INFO:root:Sending mutation #175
INFO:root:Waiting To Handle Request...
INFO:root:Sending mutation #176
INFO:root:Waiting To Handle Request...
INFO:root:Sending mutation #177
INFO:root:Waiting To Handle Request...
INFO:root:Sending mutation #178
INFO:root:Waiting To Handle Request...
INFO:root:Sending mutation #179
INFO:root:Waiting To Handle Request...
INFO:root:Sending mutation #180
INFO:root:Waiting To Handle Request...
INFO:root:Sending mutation #181
INFO:root:Waiting To Handle Request...
INFO:root:Sending mutation #182
INFO:root:Waiting To Handle Request...
INFO:root:Sending mutation #183
INFO:root:Waiting To Handle Request...
INFO:root:Server shutdown triggered by run
INFO:root:Server stopped.
INFO:root:Analyzing Coverage XML Report.
INFO:root:Coverage Value (line coverage, method granularity): 0.51
INFO:root:Coverage log saved to ServerLogs\cvg_log1392141653.22.txt
INFO:root:Individual: [0, 1, 1, 0, 0, 1, 1]
INFO:root:Loading path: PD_Creator/protocol.py, module: PD_Creator.protocol
INFO:root:Sulley request loaded. Number of mutations: 21520
INFO:root:HTTP server is starting.
INFO:root:HTTP server is running on 127.0.0.1:80
INFO:root:Waiting To Handle Request...
2014-02-11 10:15:01,052 - Hermes_Logger - INFO - Fuzz Server Reset.
2014-02-11 10:15:21,973 - Hermes_Logger - INFO - Fuzz Server Reset.
